This file contains any messages produced by compilers while
running configure, to aid debugging if configure makes a mistake.

It was created by configure, which was
generated by GNU Autoconf 2.69.  Invocation command line was

  $ ./configure 

## --------- ##
## Platform. ##
## --------- ##

hostname = karna
uname -m = x86_64
uname -r = 17.4.0
uname -s = Darwin
uname -v = Darwin Kernel Version 17.4.0: Sun Dec 17 09:19:54 PST 2017; root:xnu-4570.41.2~1/RELEASE_X86_64

/usr/bin/uname -p = i386
/bin/uname -X     = unknown

/bin/arch              = unknown
/usr/bin/arch -k       = unknown
/usr/convex/getsysinfo = unknown
/usr/bin/hostinfo      = Mach kernel version:
	 Darwin Kernel Version 17.4.0: Sun Dec 17 09:19:54 PST 2017; root:xnu-4570.41.2~1/RELEASE_X86_64
Kernel configured for up to 8 processors.
4 processors are physically available.
8 processors are logically available.
Processor type: i486 (Intel 80486)
Processors active: 0 1 2 3 4 5 6 7
Primary memory available: 16.00 gigabytes
Default processor set: 404 tasks, 1839 threads, 8 processors
Load average: 1.78, Mach factor: 6.21
/bin/machine           = unknown
/usr/bin/oslevel       = unknown
/bin/universe          = unknown

PATH: /Users/naras/anaconda2/bin
PATH: /Users/naras/mosek/8/tools/platform/osx64x86/bin
PATH: /Users/naras/bin
PATH: /opt/local/bin
PATH: /opt/local/sbin
PATH: /usr/local/bin
PATH: /usr/bin
PATH: /bin
PATH: /usr/sbin
PATH: /sbin
PATH: /usr/local/ncbi/blast/bin
PATH: /Library/TeX/texbin
PATH: /usr/local/go/bin
PATH: /opt/X11/bin
PATH: /Applications/SiteApps/Emacs.app/Contents/MacOS/bin-x86_64-10_9
PATH: /Applications/SiteApps/Emacs.app/Contents/MacOS/libexec-x86_64-10_9


## ----------- ##
## Core tests. ##
## ----------- ##

configure:2129: checking for gcc
configure:2156: result: /usr/local/clang4/bin/clang
configure:2385: checking for C compiler version
configure:2394: /usr/local/clang4/bin/clang --version >&5
clang version 4.0.1 (tags/RELEASE_401/final)
Target: x86_64-apple-darwin17.4.0
Thread model: posix
InstalledDir: /usr/local/clang4/bin
configure:2405: $? = 0
configure:2394: /usr/local/clang4/bin/clang -v >&5
clang version 4.0.1 (tags/RELEASE_401/final)
Target: x86_64-apple-darwin17.4.0
Thread model: posix
InstalledDir: /usr/local/clang4/bin
configure:2405: $? = 0
configure:2394: /usr/local/clang4/bin/clang -V >&5
clang-4.0: error: argument to '-V' is missing (expected 1 value)
clang-4.0: error: no input files
configure:2405: $? = 1
configure:2394: /usr/local/clang4/bin/clang -qversion >&5
clang-4.0: error: unknown argument: '-qversion'
clang-4.0: error: no input files
configure:2405: $? = 1
configure:2425: checking whether the C compiler works
configure:2447: /usr/local/clang4/bin/clang -Wall -g -O2 -UNDEBUG -Wall -pedantic -g -O0 -fdiagnostics-color=always -I/usr/local/include  conftest.c  >&5
configure:2451: $? = 0
configure:2499: result: yes
configure:2502: checking for C compiler default output file name
configure:2504: result: a.out
configure:2510: checking for suffix of executables
configure:2517: /usr/local/clang4/bin/clang -o conftest -Wall -g -O2 -UNDEBUG -Wall -pedantic -g -O0 -fdiagnostics-color=always -I/usr/local/include  conftest.c  >&5
configure:2521: $? = 0
configure:2543: result: 
configure:2565: checking whether we are cross compiling
configure:2573: /usr/local/clang4/bin/clang -o conftest -Wall -g -O2 -UNDEBUG -Wall -pedantic -g -O0 -fdiagnostics-color=always -I/usr/local/include  conftest.c  >&5
configure:2577: $? = 0
configure:2584: ./conftest
configure:2588: $? = 0
configure:2603: result: no
configure:2608: checking for suffix of object files
configure:2630: /usr/local/clang4/bin/clang -c -Wall -g -O2 -UNDEBUG -Wall -pedantic -g -O0 -fdiagnostics-color=always -I/usr/local/include conftest.c >&5
configure:2634: $? = 0
configure:2655: result: o
configure:2659: checking whether we are using the GNU C compiler
configure:2678: /usr/local/clang4/bin/clang -c -Wall -g -O2 -UNDEBUG -Wall -pedantic -g -O0 -fdiagnostics-color=always -I/usr/local/include conftest.c >&5
configure:2678: $? = 0
configure:2687: result: yes
configure:2696: checking whether /usr/local/clang4/bin/clang accepts -g
configure:2716: /usr/local/clang4/bin/clang -c -g -I/usr/local/include conftest.c >&5
configure:2716: $? = 0
configure:2757: result: yes
configure:2774: checking for /usr/local/clang4/bin/clang option to accept ISO C89
configure:2837: /usr/local/clang4/bin/clang  -c -Wall -g -O2 -UNDEBUG -Wall -pedantic -g -O0 -fdiagnostics-color=always -I/usr/local/include conftest.c >&5
configure:2837: $? = 0
configure:2850: result: none needed
configure:2875: checking how to run the C preprocessor
configure:2945: result: /usr/local/clang4/bin/clang -E
configure:2965: /usr/local/clang4/bin/clang -E -I/usr/local/include conftest.c
configure:2965: $? = 0
configure:2979: /usr/local/clang4/bin/clang -E -I/usr/local/include conftest.c
conftest.c:9:10: fatal error: 'ac_nonexistent.h' file not found
#include <ac_nonexistent.h>
         ^~~~~~~~~~~~~~~~~~
1 error generated.
configure:2979: $? = 1
configure: failed program was:
| /* confdefs.h */
| #define PACKAGE_NAME ""
| #define PACKAGE_TARNAME ""
| #define PACKAGE_VERSION ""
| #define PACKAGE_STRING ""
| #define PACKAGE_BUGREPORT ""
| #define PACKAGE_URL ""
| /* end confdefs.h.  */
| #include <ac_nonexistent.h>
configure:3503: creating ./config.status

## ---------------------- ##
## Running config.status. ##
## ---------------------- ##

This file was extended by config.status, which was
generated by GNU Autoconf 2.69.  Invocation command line was

  CONFIG_FILES    = 
  CONFIG_HEADERS  = 
  CONFIG_LINKS    = 
  CONFIG_COMMANDS = 
  $ ./config.status 

on karna

config.status:725: creating src/Makevars

## ---------------- ##
## Cache variables. ##
## ---------------- ##

ac_cv_c_compiler_gnu=yes
ac_cv_env_CC_set=
ac_cv_env_CC_value=
ac_cv_env_CFLAGS_set=
ac_cv_env_CFLAGS_value=
ac_cv_env_CPPFLAGS_set=
ac_cv_env_CPPFLAGS_value=
ac_cv_env_CPP_set=
ac_cv_env_CPP_value=
ac_cv_env_LDFLAGS_set=
ac_cv_env_LDFLAGS_value=
ac_cv_env_LIBS_set=
ac_cv_env_LIBS_value=
ac_cv_env_build_alias_set=
ac_cv_env_build_alias_value=
ac_cv_env_host_alias_set=
ac_cv_env_host_alias_value=
ac_cv_env_target_alias_set=
ac_cv_env_target_alias_value=
ac_cv_objext=o
ac_cv_prog_CPP='/usr/local/clang4/bin/clang -E'
ac_cv_prog_ac_ct_CC=/usr/local/clang4/bin/clang
ac_cv_prog_cc_c89=
ac_cv_prog_cc_g=yes

## ----------------- ##
## Output variables. ##
## ----------------- ##

CC='/usr/local/clang4/bin/clang'
CFLAGS='-Wall -g -O2 -UNDEBUG -Wall -pedantic -g -O0 -fdiagnostics-color=always'
CPP='/usr/local/clang4/bin/clang -E'
CPPFLAGS='-I/usr/local/include'
DEFS='-DPACKAGE_NAME=\"\" -DPACKAGE_TARNAME=\"\" -DPACKAGE_VERSION=\"\" -DPACKAGE_STRING=\"\" -DPACKAGE_BUGREPORT=\"\" -DPACKAGE_URL=\"\"'
ECHO_C='\c'
ECHO_N=''
ECHO_T=''
ECOS_TS='ecos.ts'
EGREP=''
EXEEXT=''
GREP=''
LDFLAGS=''
LIBOBJS=''
LIBS=''
LTLIBOBJS=''
OBJEXT='o'
PACKAGE_BUGREPORT=''
PACKAGE_NAME=''
PACKAGE_STRING=''
PACKAGE_TARNAME=''
PACKAGE_URL=''
PACKAGE_VERSION=''
PATH_SEPARATOR=':'
PKG_CFLAGS=''
PKG_CPPFLAGS='-Iecos/include -Iecos/external/ldl/include -Iecos/external/amd/include -Iecos/external/SuiteSparse_config'
PKG_LIBS='-Lecos -lecos -lecos_bb -lecos -lecos_bb'
SHELL='/bin/sh'
ac_ct_CC='/usr/local/clang4/bin/clang'
bindir='${exec_prefix}/bin'
build_alias=''
datadir='${datarootdir}'
datarootdir='${prefix}/share'
docdir='${datarootdir}/doc/${PACKAGE}'
dvidir='${docdir}'
exec_prefix='${prefix}'
host_alias=''
htmldir='${docdir}'
includedir='${prefix}/include'
infodir='${datarootdir}/info'
libdir='${exec_prefix}/lib'
libexecdir='${exec_prefix}/libexec'
localedir='${datarootdir}/locale'
localstatedir='${prefix}/var'
mandir='${datarootdir}/man'
oldincludedir='/usr/include'
pdfdir='${docdir}'
prefix='/usr/local'
program_transform_name='s,x,x,'
psdir='${docdir}'
sbindir='${exec_prefix}/sbin'
sharedstatedir='${prefix}/com'
sysconfdir='${prefix}/etc'
target_alias=''

## ----------- ##
## confdefs.h. ##
## ----------- ##

/* confdefs.h */
#define PACKAGE_NAME ""
#define PACKAGE_TARNAME ""
#define PACKAGE_VERSION ""
#define PACKAGE_STRING ""
#define PACKAGE_BUGREPORT ""
#define PACKAGE_URL ""

configure: exit 0
